[21:20:45] [main/WARN]: Ambiguity between arguments [teleport, location] and [teleport, destination] with inputs: [0.1 -0.5 .9, 0 0 0]
[21:20:45] [main/WARN]: Ambiguity between arguments [teleport, location] and [teleport, targets] with inputs: [0.1 -0.5 .9, 0 0 0]
[21:20:45] [main/WARN]: Ambiguity between arguments [teleport, targets] and [teleport, destination] with inputs: [Player, 0123, dd12be42-52a9-4a91-a8a1-11c01849e498]
[21:20:45] [main/WARN]: Ambiguity between arguments [teleport, targets, location] and [teleport, targets, destination] with inputs: [0.1 -0.5 .9, 0 0 0]
[21:20:45] [main/INFO]: Loaded 0 recipes
[21:20:45] [main/INFO]: Loaded 0 advancements
[21:20:46] [Server thread/INFO]: Starting minecraft server version 1.13.1
[21:20:46] [Server thread/INFO]: Loading properties
[21:20:46] [Server thread/INFO]: Default game type: SURVIVAL
[21:20:46] [Server thread/INFO]: Generating keypair
[21:20:46] [Server thread/INFO]: Starting Minecraft server on *:25565
[21:20:46] [Server thread/INFO]: Using default channel type
[21:20:47] [Server thread/INFO]: Preparing level "world"
[21:20:47] [Server thread/INFO]: Reloading ResourceManager: Default
[21:20:49] [Server thread/INFO]: Loaded 524 recipes
[21:20:51] [Server thread/INFO]: Loaded 571 advancements
[21:20:51] [Server thread/INFO]: Preparing start region for dimension minecraft:overworld
[21:20:51] [Server thread/INFO]: Preparing spawn area: 4%
[21:20:51] [Server thread/INFO]: Preparing spawn area: 8%
[21:20:51] [Server thread/INFO]: Preparing spawn area: 12%
[21:20:51] [Server thread/INFO]: Preparing spawn area: 16%
[21:20:51] [Server thread/INFO]: Preparing spawn area: 20%
[21:20:52] [Server thread/INFO]: Preparing spawn area: 24%
[21:20:52] [Server thread/INFO]: Preparing spawn area: 28%
[21:20:52] [Server thread/INFO]: Preparing spawn area: 32%
[21:20:52] [Server thread/INFO]: Preparing spawn area: 36%
[21:20:52] [Server thread/INFO]: Preparing spawn area: 40%
[21:20:52] [Server thread/INFO]: Preparing spawn area: 44%
[21:20:52] [Server thread/INFO]: Preparing spawn area: 48%
[21:20:52] [Server thread/INFO]: Preparing spawn area: 52%
[21:20:53] [Server thread/INFO]: Preparing spawn area: 56%
[21:20:53] [Server thread/INFO]: Preparing spawn area: 60%
[21:20:53] [Server thread/INFO]: Preparing spawn area: 64%
[21:20:53] [Server thread/INFO]: Preparing spawn area: 68%
[21:20:53] [Server thread/INFO]: Preparing spawn area: 72%
[21:20:53] [Server thread/INFO]: Preparing spawn area: 76%
[21:20:53] [Server thread/INFO]: Preparing spawn area: 80%
[21:20:53] [Server thread/INFO]: Preparing spawn area: 84%
[21:20:53] [Server thread/INFO]: Preparing spawn area: 88%
[21:20:53] [Server thread/INFO]: Preparing spawn area: 92%
[21:20:53] [Server thread/INFO]: Preparing spawn area: 96%
[21:20:53] [Server thread/INFO]: Preparing spawn area: 100%
[21:20:53] [Server thread/INFO]: Time elapsed: 2395 ms
[21:20:53] [Server thread/INFO]: Done (6.557s)! For help, type "help"
